Fri Apr 22 14:57:41 UTC 2022: 
 treemap.c | 8 ++++++--
 1 file changed, 6 insertions(+), 2 deletions(-)
 tests:  4|7
total_score: 5/70
d370396
Fri Apr 22 15:18:37 UTC 2022: 
 treemap.c | 15 ++++++++++++++-
 1 file changed, 14 insertions(+), 1 deletion(-)
In file included from test.c:4:0:
treemap.c: In function ‘minimum’:
treemap.c:59:20: error: ‘tree’ undeclared (first use in this function); did you mean ‘free’?
   TreeNode * aux = tree->root;
                    ^~~~
                    free
treemap.c:59:20: note: each undeclared identifier is reported only once for each function it appears in
treemap.c:65:1: error: expected ‘;’ before ‘}’ token
 }
 ^
treemap.c: In function ‘searchTreeMap’:
treemap.c:86:24: error: ‘TreeNode {aka struct TreeNode}’ has no member named ‘key’
   if (key == tree->root->key) return tree->root->pair;
                        ^~
treemap.c:88:9: error: expected expression before ‘)’ token
   while()
         ^
treemap.c:89:46: error: lvalue required as left operand of assignment
   if (tree->lower_than (key, aux->pair->key) = 1){
                                              ^
treemap.c:92:46: error: lvalue required as left operand of assignment
   if (tree->lower_than (key, aux->pair->key) = 0)
                                              ^
treemap.c:95:1: error: control reaches end of non-void function [-Werror=return-type]
 }
 ^
cc1: all warnings being treated as errors
Compilation failed
8d95c99
Fri Apr 22 15:19:22 UTC 2022: 
 treemap.c | 2 +-
 1 file changed, 1 insertion(+), 1 deletion(-)
In file included from test.c:4:0:
treemap.c: In function ‘minimum’:
treemap.c:59:20: error: ‘tree’ undeclared (first use in this function); did you mean ‘free’?
   TreeNode * aux = tree->pair->root;
                    ^~~~
                    free
treemap.c:59:20: note: each undeclared identifier is reported only once for each function it appears in
treemap.c:65:1: error: expected ‘;’ before ‘}’ token
 }
 ^
treemap.c: In function ‘searchTreeMap’:
treemap.c:86:24: error: ‘TreeNode {aka struct TreeNode}’ has no member named ‘key’
   if (key == tree->root->key) return tree->root->pair;
                        ^~
treemap.c:88:9: error: expected expression before ‘)’ token
   while()
         ^
treemap.c:89:46: error: lvalue required as left operand of assignment
   if (tree->lower_than (key, aux->pair->key) = 1){
                                              ^
treemap.c:92:46: error: lvalue required as left operand of assignment
   if (tree->lower_than (key, aux->pair->key) = 0)
                                              ^
treemap.c:95:1: error: control reaches end of non-void function [-Werror=return-type]
 }
 ^
cc1: all warnings being treated as errors
Compilation failed
201e509
Fri Apr 22 15:19:41 UTC 2022: 
 treemap.c | 2 +-
 1 file changed, 1 insertion(+), 1 deletion(-)
In file included from test.c:4:0:
treemap.c: In function ‘minimum’:
treemap.c:59:27: error: ‘Pair {aka struct Pair}’ has no member named ‘root’
   TreeNode * aux = x->pair->root;
                           ^~
treemap.c:65:1: error: expected ‘;’ before ‘}’ token
 }
 ^
treemap.c: In function ‘searchTreeMap’:
treemap.c:86:24: error: ‘TreeNode {aka struct TreeNode}’ has no member named ‘key’
   if (key == tree->root->key) return tree->root->pair;
                        ^~
treemap.c:88:9: error: expected expression before ‘)’ token
   while()
         ^
treemap.c:89:46: error: lvalue required as left operand of assignment
   if (tree->lower_than (key, aux->pair->key) = 1){
                                              ^
treemap.c:92:46: error: lvalue required as left operand of assignment
   if (tree->lower_than (key, aux->pair->key) = 0)
                                              ^
treemap.c:95:1: error: control reaches end of non-void function [-Werror=return-type]
 }
 ^
cc1: all warnings being treated as errors
Compilation failed
2a99a10
Fri Apr 22 15:19:48 UTC 2022: 
 treemap.c | 2 +-
 1 file changed, 1 insertion(+), 1 deletion(-)
In file included from test.c:4:0:
treemap.c: In function ‘minimum’:
treemap.c:59:21: error: ‘TreeNode {aka struct TreeNode}’ has no member named ‘root’
   TreeNode * aux = x->root;
                     ^~
treemap.c:65:1: error: expected ‘;’ before ‘}’ token
 }
 ^
treemap.c: In function ‘searchTreeMap’:
treemap.c:86:24: error: ‘TreeNode {aka struct TreeNode}’ has no member named ‘key’
   if (key == tree->root->key) return tree->root->pair;
                        ^~
treemap.c:88:9: error: expected expression before ‘)’ token
   while()
         ^
treemap.c:89:46: error: lvalue required as left operand of assignment
   if (tree->lower_than (key, aux->pair->key) = 1){
                                              ^
treemap.c:92:46: error: lvalue required as left operand of assignment
   if (tree->lower_than (key, aux->pair->key) = 0)
                                              ^
treemap.c:95:1: error: control reaches end of non-void function [-Werror=return-type]
 }
 ^
cc1: all warnings being treated as errors
Compilation failed
096c1d3
Fri Apr 22 15:20:02 UTC 2022: 
 treemap.c | 2 +-
 1 file changed, 1 insertion(+), 1 deletion(-)
In file included from test.c:4:0:
treemap.c: In function ‘minimum’:
treemap.c:59:21: error: ‘TreeNode {aka struct TreeNode}’ has no member named ‘root’
   TreeNode * aux = x->root;
                     ^~
treemap.c: In function ‘searchTreeMap’:
treemap.c:86:24: error: ‘TreeNode {aka struct TreeNode}’ has no member named ‘key’
   if (key == tree->root->key) return tree->root->pair;
                        ^~
treemap.c:88:9: error: expected expression before ‘)’ token
   while()
         ^
treemap.c:89:46: error: lvalue required as left operand of assignment
   if (tree->lower_than (key, aux->pair->key) = 1){
                                              ^
treemap.c:92:46: error: lvalue required as left operand of assignment
   if (tree->lower_than (key, aux->pair->key) = 0)
                                              ^
treemap.c:95:1: error: control reaches end of non-void function [-Werror=return-type]
 }
 ^
cc1: all warnings being treated as errors
Compilation failed
7af77a4
Fri Apr 22 15:51:09 UTC 2022: 
 treemap.c | 16 ++++++++++------
 1 file changed, 10 insertions(+), 6 deletions(-)
In file included from test.c:4:0:
treemap.c: In function ‘insertTreeMap’:
treemap.c:52:10: error: ‘return’ with a value, in function returning void [-Werror]
   return NULL;
          ^~~~
treemap.c:50:6: note: declared here
 void insertTreeMap(TreeMap * tree, void* key, void * value) {
      ^~~~~~~~~~~~~
treemap.c: In function ‘minimum’:
treemap.c:59:21: error: ‘TreeNode {aka struct TreeNode}’ has no member named ‘root’
   TreeNode * aux = x->root;
                     ^~
treemap.c: In function ‘searchTreeMap’:
treemap.c:90:8: error: too few arguments to function ‘is_equal’
     if(is_equal(key,aux->pair->key)) return aux->pair;
        ^~~~~~~~
treemap.c:22:5: note: declared here
 int is_equal(TreeMap* tree, void* key1, void* key2){
     ^~~~~~~~
cc1: all warnings being treated as errors
Compilation failed
d20484d
Fri Apr 22 15:51:44 UTC 2022: 
 treemap.c | 7 ++-----
 1 file changed, 2 insertions(+), 5 deletions(-)
In file included from test.c:4:0:
treemap.c: In function ‘insertTreeMap’:
treemap.c:52:10: error: ‘return’ with a value, in function returning void [-Werror]
   return NULL;
          ^~~~
treemap.c:50:6: note: declared here
 void insertTreeMap(TreeMap * tree, void* key, void * value) {
      ^~~~~~~~~~~~~
treemap.c: In function ‘searchTreeMap’:
treemap.c:87:8: error: too few arguments to function ‘is_equal’
     if(is_equal(key,aux->pair->key)) return aux->pair;
        ^~~~~~~~
treemap.c:22:5: note: declared here
 int is_equal(TreeMap* tree, void* key1, void* key2){
     ^~~~~~~~
cc1: all warnings being treated as errors
Compilation failed
8a05b85
Fri Apr 22 15:52:05 UTC 2022: 
 treemap.c | 2 +-
 1 file changed, 1 insertion(+), 1 deletion(-)
In file included from test.c:4:0:
treemap.c: In function ‘searchTreeMap’:
treemap.c:87:8: error: too few arguments to function ‘is_equal’
     if(is_equal(key,aux->pair->key)) return aux->pair;
        ^~~~~~~~
treemap.c:22:5: note: declared here
 int is_equal(TreeMap* tree, void* key1, void* key2){
     ^~~~~~~~
Compilation failed
3543e4a
Fri Apr 22 15:52:26 UTC 2022: 
 treemap.c | 2 +-
 1 file changed, 1 insertion(+), 1 deletion(-)
 tests:  0|0
4ebd73a
Fri Apr 22 15:53:21 UTC 2022: 
 treemap.c | 1 +
 1 file changed, 1 insertion(+)
In file included from test.c:4:0:
treemap.c: In function ‘searchTreeMap’:
treemap.c:87:9: error: ‘TreeMap {aka struct TreeMap}’ has no member named ‘pair’
     tree->pair->current = aux->pair;
         ^~
Compilation failed
549d3cc
Fri Apr 22 15:53:33 UTC 2022: 
 treemap.c | 2 +-
 1 file changed, 1 insertion(+), 1 deletion(-)
 tests:  0|0
b752d9c
Fri Apr 22 15:56:32 UTC 2022: 
 treemap.c | 4 ++++
 1 file changed, 4 insertions(+)
In file included from test.c:4:0:
treemap.c: In function ‘searchTreeMap’:
treemap.c:99:1: error: control reaches end of non-void function [-Werror=return-type]
 }
 ^
cc1: all warnings being treated as errors
Compilation failed
b7cc8a9
Fri Apr 22 15:57:09 UTC 2022: 
 treemap.c | 2 +-
 1 file changed, 1 insertion(+), 1 deletion(-)
In file included from test.c:4:0:
treemap.c: In function ‘searchTreeMap’:
treemap.c:98:8: error: ‘return’ with no value, in function returning non-void [-Werror]
   else return;
        ^~~~~~
treemap.c:81:8: note: declared here
 Pair * searchTreeMap(TreeMap * tree, void* key) {
        ^~~~~~~~~~~~~
cc1: all warnings being treated as errors
Compilation failed
954ec52
Fri Apr 22 15:57:16 UTC 2022: 
 treemap.c | 2 +-
 1 file changed, 1 insertion(+), 1 deletion(-)
 tests:  0|0
02c15e1
Fri Apr 22 15:57:51 UTC 2022: 
 treemap.c | 4 +++-
 1 file changed, 3 insertions(+), 1 deletion(-)
 tests:  0|0
05fe49a
Fri Apr 22 16:04:32 UTC 2022: 
 treemap.c | 5 +----
 1 file changed, 1 insertion(+), 4 deletions(-)
In file included from test.c:4:0:
treemap.c: In function ‘searchTreeMap’:
treemap.c:97:1: error: control reaches end of non-void function [-Werror=return-type]
 }
 ^
cc1: all warnings being treated as errors
Compilation failed
72e6920
Fri Apr 22 16:04:58 UTC 2022: 
 treemap.c | 1 +
 1 file changed, 1 insertion(+)
 tests:  8|7
total_score: 5/70
0fe9187
Fri Apr 22 16:05:34 UTC 2022: 
 treemap.c | 2 +-
 1 file changed, 1 insertion(+), 1 deletion(-)
 tests:  11|6
total_score: 15/70
5aa4b8a
Fri Apr 22 16:07:10 UTC 2022: 
 treemap.c | 13 +++++++++++++
 1 file changed, 13 insertions(+)
In file included from test.c:4:0:
treemap.c: In function ‘insertTreeMap’:
treemap.c:60:49: error: value computed is not used [-Werror=unused-value]
     else(tree->lower_than( aux->pair->key, key) == 1)
         ~~~~~~~~~~~~~~~~~~~~~~~~~~~~~~~~~~~~~~~~^~~~~
treemap.c:61:5: error: expected ‘;’ before ‘aux’
     aux = aux->right;
     ^~~
treemap.c:65:14: error: unused variable ‘nodo’ [-Werror=unused-variable]
   TreeNode * nodo = createTreeNode(key,value);
              ^~~~
treemap.c:55:14: error: unused variable ‘padreAux’ [-Werror=unused-variable]
   TreeNode * padreAux = NULL;
              ^~~~~~~~
cc1: all warnings being treated as errors
Compilation failed
6f2a0af
Fri Apr 22 16:07:25 UTC 2022: 
 treemap.c | 2 +-
 1 file changed, 1 insertion(+), 1 deletion(-)
In file included from test.c:4:0:
treemap.c: In function ‘insertTreeMap’:
treemap.c:60:49: error: value computed is not used [-Werror=unused-value]
     else(tree->lower_than( aux->pair->key, key) == 1)
         ~~~~~~~~~~~~~~~~~~~~~~~~~~~~~~~~~~~~~~~~^~~~~
treemap.c:61:5: error: expected ‘;’ before ‘aux’
     aux = aux->right;
     ^~~
treemap.c:65:14: error: unused variable ‘nodo’ [-Werror=unused-variable]
   TreeNode * nodo = createTreeNode(key,value);
              ^~~~
treemap.c:55:14: error: unused variable ‘padre’ [-Werror=unused-variable]
   TreeNode * padre = NULL;
              ^~~~~
cc1: all warnings being treated as errors
Compilation failed
70fce88
Fri Apr 22 16:09:02 UTC 2022: 
 treemap.c | 20 +++++---------------
 1 file changed, 5 insertions(+), 15 deletions(-)
In file included from test.c:4:0:
treemap.c: In function ‘minimum’:
treemap.c:59:20: error: ‘TreeNode {aka struct TreeNode}’ has no member named ‘root’
  TreeNode * aux = x->root;
                    ^~
Compilation failed
a87ea4c
Fri Apr 22 16:10:01 UTC 2022: 
 treemap.c | 2 +-
 1 file changed, 1 insertion(+), 1 deletion(-)
 tests:  13|5
total_score: 15/70
131d4dc
Fri Apr 22 16:21:30 UTC 2022: 
 treemap.c | 58 ++++++++++++++++++++++++++++++++++++++++++++++++++++++++++
 1 file changed, 58 insertions(+)
In file included from test.c:4:0:
treemap.c:47:8: error: redefinition of ‘struct TreeNode’
 struct TreeNode {
        ^~~~~~~~
treemap.c:6:16: note: originally defined here
 typedef struct TreeNode TreeNode;
                ^~~~~~~~
treemap.c:54:8: error: redefinition of ‘struct TreeMap’
 struct TreeMap {
        ^~~~~~~
In file included from treemap.c:4:0,
                 from test.c:4:
treemap.h:4:16: note: originally defined here
 typedef struct TreeMap TreeMap;
                ^~~~~~~
In file included from test.c:4:0:
treemap.c:60:5: error: redefinition of ‘is_equal’
 int is_equal(TreeMap* tree, void* key1, void* key2){
     ^~~~~~~~
treemap.c:22:5: note: previous definition of ‘is_equal’ was here
 int is_equal(TreeMap* tree, void* key1, void* key2){
     ^~~~~~~~
treemap.c:67:12: error: redefinition of ‘createTreeNode’
 TreeNode * createTreeNode(void* key, void * value) {
            ^~~~~~~~~~~~~~
treemap.c:29:12: note: previous definition of ‘createTreeNode’ was here
 TreeNode * createTreeNode(void* key, void * value) {
            ^~~~~~~~~~~~~~
treemap.c: In function ‘insertTreeMap’:
treemap.c:101:49: error: value computed is not used [-Werror=unused-value]
     else(tree->lower_than( aux->pair->key, key) == 1)
         ~~~~~~~~~~~~~~~~~~~~~~~~~~~~~~~~~~~~~~~~^~~~~
treemap.c:102:5: error: expected ‘;’ before ‘aux’
     aux = aux->right;
     ^~~
treemap.c:110:47: error: value computed is not used [-Werror=unused-value]
   else(tree->lower_than( aux->pair->key, key) == 1)
       ~~~~~~~~~~~~~~~~~~~~~~~~~~~~~~~~~~~~~~~~^~~~~
treemap.c:111:5: error: expected ‘;’ before ‘padre’
     padre->right = nodo;
     ^~~~~
cc1: all warnings being treated as errors
Compilation failed
ab1e3c4
Fri Apr 22 16:21:57 UTC 2022: 
 treemap.c | 38 --------------------------------------
 1 file changed, 38 deletions(-)
In file included from test.c:4:0:
treemap.c: In function ‘insertTreeMap’:
treemap.c:63:49: error: value computed is not used [-Werror=unused-value]
     else(tree->lower_than( aux->pair->key, key) == 1)
         ~~~~~~~~~~~~~~~~~~~~~~~~~~~~~~~~~~~~~~~~^~~~~
treemap.c:64:5: error: expected ‘;’ before ‘aux’
     aux = aux->right;
     ^~~
treemap.c:72:47: error: value computed is not used [-Werror=unused-value]
   else(tree->lower_than( aux->pair->key, key) == 1)
       ~~~~~~~~~~~~~~~~~~~~~~~~~~~~~~~~~~~~~~~~^~~~~
treemap.c:73:5: error: expected ‘;’ before ‘padre’
     padre->right = nodo;
     ^~~~~
cc1: all warnings being treated as errors
Compilation failed
143c650
Fri Apr 22 16:23:17 UTC 2022: 
 treemap.c | 7 ++++---
 1 file changed, 4 insertions(+), 3 deletions(-)
In file included from test.c:4:0:
treemap.c: In function ‘insertTreeMap’:
treemap.c:63:49: error: value computed is not used [-Werror=unused-value]
     else(tree->lower_than( aux->pair->key, key) == 1){
         ~~~~~~~~~~~~~~~~~~~~~~~~~~~~~~~~~~~~~~~~^~~~~
treemap.c:63:54: error: expected ‘;’ before ‘{’ token
     else(tree->lower_than( aux->pair->key, key) == 1){
                                                      ^
treemap.c:73:45: error: value computed is not used [-Werror=unused-value]
     (tree->lower_than( aux->pair->key, key) == 1);
     ~~~~~~~~~~~~~~~~~~~~~~~~~~~~~~~~~~~~~~~~^~~~~
treemap.c:72:3: error: this ‘else’ clause does not guard... [-Werror=misleading-indentation]
   else
   ^~~~
treemap.c:74:5: note: ...this statement, but the latter is misleadingly indented as if it were guarded by the ‘else’
     padre->right = nodo;
     ^~~~~
cc1: all warnings being treated as errors
Compilation failed
60e6539
Fri Apr 22 16:23:42 UTC 2022: 
 treemap.c | 3 ++-
 1 file changed, 2 insertions(+), 1 deletion(-)
In file included from test.c:4:0:
treemap.c: In function ‘insertTreeMap’:
treemap.c:64:47: error: value computed is not used [-Werror=unused-value]
       (tree->lower_than( aux->pair->key, key) == 1);
       ~~~~~~~~~~~~~~~~~~~~~~~~~~~~~~~~~~~~~~~~^~~~~
treemap.c:74:45: error: value computed is not used [-Werror=unused-value]
     (tree->lower_than( aux->pair->key, key) == 1);
     ~~~~~~~~~~~~~~~~~~~~~~~~~~~~~~~~~~~~~~~~^~~~~
treemap.c:73:3: error: this ‘else’ clause does not guard... [-Werror=misleading-indentation]
   else
   ^~~~
treemap.c:75:5: note: ...this statement, but the latter is misleadingly indented as if it were guarded by the ‘else’
     padre->right = nodo;
     ^~~~~
cc1: all warnings being treated as errors
Compilation failed
f646557
Fri Apr 22 16:24:58 UTC 2022: 
 treemap.c | 4 +---
 1 file changed, 1 insertion(+), 3 deletions(-)
In file included from test.c:4:0:
treemap.c: In function ‘insertTreeMap’:
treemap.c:72:45: error: value computed is not used [-Werror=unused-value]
     (tree->lower_than( aux->pair->key, key) == 1);
     ~~~~~~~~~~~~~~~~~~~~~~~~~~~~~~~~~~~~~~~~^~~~~
treemap.c:71:3: error: this ‘else’ clause does not guard... [-Werror=misleading-indentation]
   else
   ^~~~
treemap.c:73:5: note: ...this statement, but the latter is misleadingly indented as if it were guarded by the ‘else’
     padre->right = nodo;
     ^~~~~
cc1: all warnings being treated as errors
Compilation failed
512b625
Fri Apr 22 16:26:10 UTC 2022: 
 treemap.c | 6 ++++--
 1 file changed, 4 insertions(+), 2 deletions(-)
In file included from test.c:4:0:
treemap.c: In function ‘insertTreeMap’:
treemap.c:61:49: error: expected ‘)’ before ‘{’ token
     else if(tree->lower_than(aux->pair->key,key){
                                                 ^
treemap.c:68:3: error: expected expression before ‘}’ token
   }
   ^
treemap.c:74:45: error: value computed is not used [-Werror=unused-value]
     (tree->lower_than( aux->pair->key, key) == 1);
     ~~~~~~~~~~~~~~~~~~~~~~~~~~~~~~~~~~~~~~~~^~~~~
treemap.c:73:3: error: this ‘else’ clause does not guard... [-Werror=misleading-indentation]
   else
   ^~~~
treemap.c:75:5: note: ...this statement, but the latter is misleadingly indented as if it were guarded by the ‘else’
     padre->right = nodo;
     ^~~~~
cc1: all warnings being treated as errors
Compilation failed
c9bcca1
Fri Apr 22 16:26:27 UTC 2022: 
 treemap.c | 2 +-
 1 file changed, 1 insertion(+), 1 deletion(-)
In file included from test.c:4:0:
treemap.c: In function ‘insertTreeMap’:
treemap.c:63:7: error: expected ‘}’ before ‘else’
       else{
       ^~~~
treemap.c:55:14: error: variable ‘padre’ set but not used [-Werror=unused-but-set-variable]
   TreeNode * padre = NULL;
              ^~~~~
treemap.c: At top level:
treemap.c:70:36: error: ‘key’ undeclared here (not in a function); did you mean ‘key_t’?
   TreeNode * nodo = createTreeNode(key,value);
                                    ^~~
                                    key_t
treemap.c:70:40: error: ‘value’ undeclared here (not in a function); did you mean ‘valloc’?
   TreeNode * nodo = createTreeNode(key,value);
                                        ^~~~~
                                        valloc
treemap.c:71:3: error: expected identifier or ‘(’ before ‘if’
   if(tree->lower_than(key, aux->pair->key) == 1)
   ^~
treemap.c:73:3: error: expected identifier or ‘(’ before ‘else’
   else
   ^~~~
treemap.c:75:10: error: expected ‘=’, ‘,’, ‘;’, ‘asm’ or ‘__attribute__’ before ‘->’ token
     padre->right = nodo;
          ^~
treemap.c:76:1: error: expected identifier or ‘(’ before ‘}’ token
 }
 ^
cc1: all warnings being treated as errors
Compilation failed
6c57ca8
Fri Apr 22 16:26:54 UTC 2022: 
 treemap.c | 2 +-
 1 file changed, 1 insertion(+), 1 deletion(-)
In file included from test.c:4:0:
treemap.c: In function ‘insertTreeMap’:
treemap.c:63:7: error: expected ‘}’ before ‘else’
       else{
       ^~~~
treemap.c:55:14: error: variable ‘padre’ set but not used [-Werror=unused-but-set-variable]
   TreeNode * padre = NULL;
              ^~~~~
treemap.c: At top level:
treemap.c:70:36: error: ‘key’ undeclared here (not in a function); did you mean ‘key_t’?
   TreeNode * nodo = createTreeNode(key,value);
                                    ^~~
                                    key_t
treemap.c:70:40: error: ‘value’ undeclared here (not in a function); did you mean ‘valloc’?
   TreeNode * nodo = createTreeNode(key,value);
                                        ^~~~~
                                        valloc
treemap.c:71:3: error: expected identifier or ‘(’ before ‘if’
   if(tree->lower_than(key, aux->pair->key) == 1)
   ^~
treemap.c:73:3: error: expected identifier or ‘(’ before ‘else’
   else
   ^~~~
treemap.c:75:10: error: expected ‘=’, ‘,’, ‘;’, ‘asm’ or ‘__attribute__’ before ‘->’ token
     padre->right = nodo;
          ^~
treemap.c:76:1: error: expected identifier or ‘(’ before ‘}’ token
 }
 ^
cc1: all warnings being treated as errors
Compilation failed
cf5abcd
Fri Apr 22 16:28:17 UTC 2022: 
 treemap.c | 4 ++--
 1 file changed, 2 insertions(+), 2 deletions(-)
In file included from test.c:4:0:
treemap.c: In function ‘insertTreeMap’:
treemap.c:63:7: error: expected ‘}’ before ‘else’
       else{
       ^~~~
treemap.c:74:45: error: value computed is not used [-Werror=unused-value]
     (tree->lower_than( aux->pair->key, key) == 1);
     ~~~~~~~~~~~~~~~~~~~~~~~~~~~~~~~~~~~~~~~~^~~~~
treemap.c:73:3: error: this ‘else’ clause does not guard... [-Werror=misleading-indentation]
   else
   ^~~~
treemap.c:75:5: note: ...this statement, but the latter is misleadingly indented as if it were guarded by the ‘else’
     padre->right = nodo;
     ^~~~~
cc1: all warnings being treated as errors
Compilation failed
52facc8
Fri Apr 22 16:28:36 UTC 2022: 
 treemap.c | 7 ++-----
 1 file changed, 2 insertions(+), 5 deletions(-)
In file included from test.c:4:0:
treemap.c: In function ‘insertTreeMap’:
treemap.c:63:7: error: expected ‘}’ before ‘else’
       else{
       ^~~~
treemap.c:70:3: error: this ‘else’ clause does not guard... [-Werror=misleading-indentation]
   else
   ^~~~
treemap.c:72:5: note: ...this statement, but the latter is misleadingly indented as if it were guarded by the ‘else’
     padre->right = nodo;
     ^~~~~
cc1: all warnings being treated as errors
Compilation failed
0e4c879
Fri Apr 22 16:29:13 UTC 2022: 
 treemap.c | 1 +
 1 file changed, 1 insertion(+)
In file included from test.c:4:0:
treemap.c: In function ‘insertTreeMap’:
treemap.c:63:7: error: expected ‘}’ before ‘else’
       else{
       ^~~~
treemap.c:68:9: error: ‘TreeNode {aka struct TreeNode}’ has no member named ‘padre’; did you mean ‘pair’?
   nodo->padre = padre;
         ^~~~~
         pair
treemap.c:71:3: error: this ‘else’ clause does not guard... [-Werror=misleading-indentation]
   else
   ^~~~
treemap.c:73:5: note: ...this statement, but the latter is misleadingly indented as if it were guarded by the ‘else’
     padre->right = nodo;
     ^~~~~
cc1: all warnings being treated as errors
Compilation failed
3e11788
Fri Apr 22 16:30:11 UTC 2022: 
 treemap.c | 2 ++
 1 file changed, 2 insertions(+)
In file included from test.c:4:0:
treemap.c: In function ‘insertTreeMap’:
treemap.c:63:7: error: expected ‘}’ before ‘else’
       else{
       ^~~~
treemap.c:68:9: error: ‘TreeNode {aka struct TreeNode}’ has no member named ‘padre’; did you mean ‘pair’?
   nodo->padre = padre;
         ^~~~~
         pair
treemap.c:73:3: error: this ‘else’ clause does not guard... [-Werror=misleading-indentation]
   else
   ^~~~
treemap.c:75:5: note: ...this statement, but the latter is misleadingly indented as if it were guarded by the ‘else’
     padre->right = nodo;
     ^~~~~
cc1: all warnings being treated as errors
Compilation failed
73e0033
Fri Apr 22 16:30:24 UTC 2022: 
 treemap.c | 2 +-
 1 file changed, 1 insertion(+), 1 deletion(-)
In file included from test.c:4:0:
treemap.c: In function ‘insertTreeMap’:
treemap.c:68:9: error: ‘TreeNode {aka struct TreeNode}’ has no member named ‘padre’; did you mean ‘pair’?
   nodo->padre = padre;
         ^~~~~
         pair
treemap.c:73:3: error: this ‘else’ clause does not guard... [-Werror=misleading-indentation]
   else
   ^~~~
treemap.c:75:5: note: ...this statement, but the latter is misleadingly indented as if it were guarded by the ‘else’
     padre->right = nodo;
     ^~~~~
cc1: all warnings being treated as errors
Compilation failed
1d9932a
Fri Apr 22 16:33:10 UTC 2022: 
 treemap.c | 15 ++++++++++-----
 1 file changed, 10 insertions(+), 5 deletions(-)
In file included from test.c:4:0:
treemap.c: In function ‘insertTreeMap’:
treemap.c:68:9: error: ‘TreeNode {aka struct TreeNode}’ has no member named ‘padre’; did you mean ‘pair’?
   nodo->padre = padre;
         ^~~~~
         pair
Compilation failed
dc02f84
Sun Apr 24 20:27:55 UTC 2022: 
 treemap.c | 4 ++--
 1 file changed, 2 insertions(+), 2 deletions(-)
In file included from test.c:4:0:
treemap.c: In function ‘insertTreeMap’:
treemap.c:68:9: error: ‘TreeNode {aka struct TreeNode}’ has no member named ‘padre’; did you mean ‘pair’?
   nodo->padre = padre;
         ^~~~~
         pair
Compilation failed
090225a
Sun Apr 24 20:29:32 UTC 2022: 
 treemap.c | 2 +-
 1 file changed, 1 insertion(+), 1 deletion(-)
In file included from test.c:4:0:
treemap.c: In function ‘insertTreeMap’:
treemap.c:68:9: error: ‘TreeNode {aka struct TreeNode}’ has no member named ‘padre’; did you mean ‘pair’?
   nodo->padre = padre;
         ^~~~~
         pair
Compilation failed
145daea
Sun Apr 24 20:36:30 UTC 2022: 
 treemap.c | 14 ++++++--------
 1 file changed, 6 insertions(+), 8 deletions(-)
In file included from test.c:4:0:
treemap.c: In function ‘insertTreeMap’:
treemap.c:68:9: error: ‘TreeNode {aka struct TreeNode}’ has no member named ‘padre’; did you mean ‘pair’?
   node->padre = padre;
         ^~~~~
         pair
treemap.c:72:28: error: ‘nodo’ undeclared (first use in this function); did you mean ‘node’?
   else if(tree->lower_than(nodo->pair->key,padre->pair->key)){
                            ^~~~
                            node
treemap.c:72:28: note: each undeclared identifier is reported only once for each function it appears in
Compilation failed
620b96d
Sun Apr 24 20:36:49 UTC 2022: 
 treemap.c | 8 ++++----
 1 file changed, 4 insertions(+), 4 deletions(-)
In file included from test.c:4:0:
treemap.c: In function ‘insertTreeMap’:
treemap.c:68:9: error: ‘TreeNode {aka struct TreeNode}’ has no member named ‘padre’; did you mean ‘pair’?
   node->padre = padre;
         ^~~~~
         pair
treemap.c:70:18: error: ‘nodo’ undeclared (first use in this function); did you mean ‘node’?
     tree->root = nodo;
                  ^~~~
                  node
treemap.c:70:18: note: each undeclared identifier is reported only once for each function it appears in
Compilation failed
a67c62f
Sun Apr 24 20:37:00 UTC 2022: 
 treemap.c | 4 ++--
 1 file changed, 2 insertions(+), 2 deletions(-)
In file included from test.c:4:0:
treemap.c: In function ‘insertTreeMap’:
treemap.c:68:9: error: ‘TreeNode {aka struct TreeNode}’ has no member named ‘padre’; did you mean ‘pair’?
   nodo->padre = padre;
         ^~~~~
         pair
Compilation failed
b177d10
Sun Apr 24 20:43:11 UTC 2022: 
 treemap.c | 2 +-
 1 file changed, 1 insertion(+), 1 deletion(-)
In file included from test.c:4:0:
treemap.c: In function ‘insertTreeMap’:
treemap.c:68:9: error: ‘TreeNode {aka struct TreeNode}’ has no member named ‘padre’; did you mean ‘pair’?
   nodo->padre = padre;
         ^~~~~
         pair
treemap.c:75:3: error: expected ‘;’ before ‘}’ token
   }else{
   ^
Compilation failed
c0b705f
Sun Apr 24 20:43:20 UTC 2022: 
 treemap.c | 2 +-
 1 file changed, 1 insertion(+), 1 deletion(-)
In file included from test.c:4:0:
treemap.c: In function ‘insertTreeMap’:
treemap.c:68:9: error: ‘TreeNode {aka struct TreeNode}’ has no member named ‘padre’; did you mean ‘pair’?
   nodo->padre = padre;
         ^~~~~
         pair
Compilation failed
0ec19eb
Sun Apr 24 20:46:51 UTC 2022: 
 treemap.c | 2 --
 1 file changed, 2 deletions(-)
In file included from test.c:4:0:
treemap.c: In function ‘insertTreeMap’:
treemap.c:66:9: error: ‘TreeNode {aka struct TreeNode}’ has no member named ‘padre’; did you mean ‘pair’?
   nodo->padre = padre;
         ^~~~~
         pair
Compilation failed
333e464
Sun Apr 24 20:53:35 UTC 2022: 
 treemap.c | 8 +++-----
 1 file changed, 3 insertions(+), 5 deletions(-)
In file included from test.c:4:0:
treemap.c: In function ‘insertTreeMap’:
treemap.c:64:9: error: ‘TreeNode {aka struct TreeNode}’ has no member named ‘padre’; did you mean ‘pair’?
   nodo->padre = padre;
         ^~~~~
         pair
Compilation failed
f78c868
Sun Apr 24 21:01:27 UTC 2022: 
 treemap.c | 14 +++++++-------
 1 file changed, 7 insertions(+), 7 deletions(-)
In file included from test.c:4:0:
treemap.c: In function ‘insertTreeMap’:
treemap.c:65:6: error: ‘TreeNode {aka struct TreeNode}’ has no member named ‘padre’; did you mean ‘pair’?
   x->padre = x;
      ^~~~~
      pair
treemap.c:69:28: error: ‘nodo’ undeclared (first use in this function)
   else if(tree->lower_than(nodo->pair->key,padre->pair->key)){
                            ^~~~
treemap.c:69:28: note: each undeclared identifier is reported only once for each function it appears in
Compilation failed
618aefc
Sun Apr 24 21:03:01 UTC 2022: 
 treemap.c | 12 ++++++------
 1 file changed, 6 insertions(+), 6 deletions(-)
In file included from test.c:4:0:
treemap.c: In function ‘insertTreeMap’:
treemap.c:65:3: error: ‘x’ undeclared (first use in this function)
   x->padre = nodo;
   ^
treemap.c:65:3: note: each undeclared identifier is reported only once for each function it appears in
Compilation failed
59560bd
Sun Apr 24 21:03:51 UTC 2022: 
 treemap.c | 2 +-
 1 file changed, 1 insertion(+), 1 deletion(-)
In file included from test.c:4:0:
treemap.c: In function ‘insertTreeMap’:
treemap.c:65:9: error: ‘TreeNode {aka struct TreeNode}’ has no member named ‘padre’; did you mean ‘pair’?
   nodo->padre = nodo;
         ^~~~~
         pair
Compilation failed
c0cc9cd
Sun Apr 24 21:04:40 UTC 2022: 
 treemap.c | 2 +-
 1 file changed, 1 insertion(+), 1 deletion(-)
In file included from test.c:4:0:
treemap.c: In function ‘insertTreeMap’:
treemap.c:65:9: error: ‘TreeNode {aka struct TreeNode}’ has no member named ‘padre’; did you mean ‘pair’?
   nodo->padre = padre;
         ^~~~~
         pair
Compilation failed
eeb3ef4
Sun Apr 24 21:07:07 UTC 2022: 
 treemap.c | 4 ++--
 1 file changed, 2 insertions(+), 2 deletions(-)
In file included from test.c:4:0:
treemap.c: In function ‘insertTreeMap’:
treemap.c:65:9: error: ‘TreeNode {aka struct TreeNode}’ has no member named ‘padre’; did you mean ‘pair’?
   nodo->padre = padre;
         ^~~~~
         pair
Compilation failed
61994de
Sun Apr 24 21:07:18 UTC 2022: 
 treemap.c | 4 ++--
 1 file changed, 2 insertions(+), 2 deletions(-)
In file included from test.c:4:0:
treemap.c: In function ‘insertTreeMap’:
treemap.c:65:9: error: ‘TreeNode {aka struct TreeNode}’ has no member named ‘padre’; did you mean ‘pair’?
   nodo->padre = padre;
         ^~~~~
         pair
Compilation failed
1a90813
Sun Apr 24 21:24:06 UTC 2022: 
 treemap.c | 4 ++--
 1 file changed, 2 insertions(+), 2 deletions(-)
In file included from test.c:4:0:
treemap.c: In function ‘insertTreeMap’:
treemap.c:65:9: error: ‘TreeNode {aka struct TreeNode}’ has no member named ‘padre’; did you mean ‘pair’?
   nodo->padre = padre;
         ^~~~~
         pair
test.c:503:5: error: ‘main’ is normally a non-static function [-Werror=main]
 int main( int argc, char *argv[] ) {
     ^~~~
test.c:606:1: error: expected declaration or statement at end of input
 }
 ^
At top level:
test.c:503:5: error: ‘main’ defined but not used [-Werror=unused-function]
 int main( int argc, char *argv[] ) {
     ^~~~
cc1: all warnings being treated as errors
Compilation failed
f0c5a46
Sun Apr 24 21:45:10 UTC 2022: 
 treemap.c | 15 ++++++++-------
 1 file changed, 8 insertions(+), 7 deletions(-)
In file included from test.c:4:0:
treemap.c: In function ‘insertTreeMap’:
treemap.c:64:34: error: ‘nodo’ undeclared (first use in this function)
   if(padre == NULL) tree->root = nodo;
                                  ^~~~
treemap.c:64:34: note: each undeclared identifier is reported only once for each function it appears in
treemap.c:65:44: error: ‘TreeNode {aka struct TreeNode}’ has no member named ‘key’
   else if(tree->lower_than(nodo->key, padre->key)){
                                            ^~
treemap.c:74:3: error: expected ‘;’ before ‘}’ token
   }
   ^
Compilation failed
f277873
Sun Apr 24 21:46:04 UTC 2022: 
 treemap.c | 1 +
 1 file changed, 1 insertion(+)
In file included from test.c:4:0:
treemap.c: In function ‘insertTreeMap’:
treemap.c:66:32: error: ‘TreeNode {aka struct TreeNode}’ has no member named ‘key’
   else if(tree->lower_than(nodo->key, padre->key)){
                                ^~
treemap.c:66:44: error: ‘TreeNode {aka struct TreeNode}’ has no member named ‘key’
   else if(tree->lower_than(nodo->key, padre->key)){
                                            ^~
treemap.c:75:3: error: expected ‘;’ before ‘}’ token
   }
   ^
Compilation failed
e5b12b1
Sun Apr 24 21:47:25 UTC 2022: 
 treemap.c | 9 ++++++---
 1 file changed, 6 insertions(+), 3 deletions(-)
In file included from test.c:4:0:
treemap.c: In function ‘insertTreeMap’:
treemap.c:69:32: error: ‘TreeNode {aka struct TreeNode}’ has no member named ‘key’
   else if(tree->lower_than(nodo->key, padre->key)){
                                ^~
treemap.c:69:44: error: ‘TreeNode {aka struct TreeNode}’ has no member named ‘key’
   else if(tree->lower_than(nodo->key, padre->key)){
                                            ^~
treemap.c:78:3: error: expected ‘;’ before ‘}’ token
   }
   ^
Compilation failed
6c44f35
Sun Apr 24 21:48:23 UTC 2022: 
 treemap.c | 5 ++---
 1 file changed, 2 insertions(+), 3 deletions(-)
In file included from test.c:4:0:
treemap.c: In function ‘insertTreeMap’:
treemap.c:60:32: error: ‘TreeNode {aka struct TreeNode}’ has no member named ‘key’
     if(tree->lower_than(key,aux->key)){
                                ^~
treemap.c:62:36: error: ‘TreeNode {aka struct TreeNode}’ has no member named ‘key’
       }else if(tree->lower_than(aux->key,key)){
                                    ^~
treemap.c:68:32: error: ‘TreeNode {aka struct TreeNode}’ has no member named ‘key’
   else if(tree->lower_than(nodo->key, padre->key)){
                                ^~
treemap.c:68:44: error: ‘TreeNode {aka struct TreeNode}’ has no member named ‘key’
   else if(tree->lower_than(nodo->key, padre->key)){
                                            ^~
treemap.c:77:3: error: expected ‘;’ before ‘}’ token
   }
   ^
Compilation failed
4bb8e4a
Sun Apr 24 21:49:19 UTC 2022: 
 treemap.c | 3 ++-
 1 file changed, 2 insertions(+), 1 deletion(-)
In file included from test.c:4:0:
treemap.c: In function ‘insertTreeMap’:
treemap.c:60:32: error: ‘TreeNode {aka struct TreeNode}’ has no member named ‘key’
     if(tree->lower_than(key,aux->key)){
                                ^~
treemap.c:62:36: error: ‘TreeNode {aka struct TreeNode}’ has no member named ‘key’
       }else if(tree->lower_than(aux->key,key)){
                                    ^~
treemap.c:69:32: error: ‘TreeNode {aka struct TreeNode}’ has no member named ‘key’
   else if(tree->lower_than(nodo->key, padre->key)){
                                ^~
treemap.c:69:44: error: ‘TreeNode {aka struct TreeNode}’ has no member named ‘key’
   else if(tree->lower_than(nodo->key, padre->key)){
                                            ^~
treemap.c:78:3: error: expected ‘;’ before ‘}’ token
   }
   ^
Compilation failed
b9d5cb8
Sun Apr 24 21:50:47 UTC 2022: 
 treemap.c | 3 ++-
 1 file changed, 2 insertions(+), 1 deletion(-)
In file included from test.c:4:0:
treemap.c: In function ‘insertTreeMap’:
treemap.c:60:32: error: ‘TreeNode {aka struct TreeNode}’ has no member named ‘key’
     if(tree->lower_than(key,aux->key)){
                                ^~
treemap.c:62:36: error: ‘TreeNode {aka struct TreeNode}’ has no member named ‘key’
       }else if(tree->lower_than(aux->key,key)){
                                    ^~
treemap.c:70:32: error: ‘TreeNode {aka struct TreeNode}’ has no member named ‘key’
   else if(tree->lower_than(nodo->key, padre->key)){
                                ^~
treemap.c:70:44: error: ‘TreeNode {aka struct TreeNode}’ has no member named ‘key’
   else if(tree->lower_than(nodo->key, padre->key)){
                                            ^~
treemap.c:79:3: error: expected ‘;’ before ‘}’ token
   }
   ^
Compilation failed
9172ef6
Sun Apr 24 21:54:05 UTC 2022: 
 treemap.c | 4 ++--
 1 file changed, 2 insertions(+), 2 deletions(-)
In file included from test.c:4:0:
treemap.c: In function ‘insertTreeMap’:
treemap.c:60:32: error: ‘TreeNode {aka struct TreeNode}’ has no member named ‘key’
     if(tree->lower_than(key,aux->key)){
                                ^~
treemap.c:62:36: error: ‘TreeNode {aka struct TreeNode}’ has no member named ‘key’
       }else if(tree->lower_than(aux->key,key)){
                                    ^~
treemap.c:70:32: error: ‘TreeNode {aka struct TreeNode}’ has no member named ‘key’
   else if(tree->lower_than(nodo->key, padre->key)){
                                ^~
treemap.c:70:44: error: ‘TreeNode {aka struct TreeNode}’ has no member named ‘key’
   else if(tree->lower_than(nodo->key, padre->key)){
                                            ^~
treemap.c:71:11: error: ‘TreeNode {aka struct TreeNode}’ has no member named ‘padre’; did you mean ‘pair’?
     nodo->padre = padre;
           ^~~~~
           pair
treemap.c:76:11: error: ‘TreeNode {aka struct TreeNode}’ has no member named ‘padre’; did you mean ‘pair’?
     nodo->padre = padre;
           ^~~~~
           pair
treemap.c:79:3: error: expected ‘;’ before ‘}’ token
   }
   ^
Compilation failed
be299cd
Sun Apr 24 21:58:10 UTC 2022: 
 treemap.c | 4 ++--
 1 file changed, 2 insertions(+), 2 deletions(-)
In file included from test.c:4:0:
treemap.c: In function ‘insertTreeMap’:
treemap.c:60:32: error: ‘TreeNode {aka struct TreeNode}’ has no member named ‘key’
     if(tree->lower_than(key,aux->key)){
                                ^~
treemap.c:62:36: error: ‘TreeNode {aka struct TreeNode}’ has no member named ‘key’
       }else if(tree->lower_than(aux->key,key)){
                                    ^~
treemap.c:70:32: error: ‘TreeNode {aka struct TreeNode}’ has no member named ‘key’
   else if(tree->lower_than(nodo->key, padre->key)){
                                ^~
treemap.c:70:44: error: ‘TreeNode {aka struct TreeNode}’ has no member named ‘key’
   else if(tree->lower_than(nodo->key, padre->key)){
                                            ^~
treemap.c:79:3: error: expected ‘;’ before ‘}’ token
   }
   ^
Compilation failed
f2bd286
Sun Apr 24 21:58:39 UTC 2022: 
 treemap.c | 6 +++---
 1 file changed, 3 insertions(+), 3 deletions(-)
In file included from test.c:4:0:
treemap.c: In function ‘insertTreeMap’:
treemap.c:79:3: error: expected ‘;’ before ‘}’ token
   }
   ^
Compilation failed
35123e3
Sun Apr 24 21:59:09 UTC 2022: 
 treemap.c | 8 ++++----
 1 file changed, 4 insertions(+), 4 deletions(-)
In file included from test.c:4:0:
treemap.c: In function ‘insertTreeMap’:
treemap.c:60:32: error: ‘TreeNode {aka struct TreeNode}’ has no member named ‘key’
     if(tree->lower_than(key,aux->key)){
                                ^~
treemap.c:62:36: error: ‘TreeNode {aka struct TreeNode}’ has no member named ‘key’
       }else if(tree->lower_than(aux->key,key)){
                                    ^~
treemap.c:70:32: error: ‘TreeNode {aka struct TreeNode}’ has no member named ‘key’
   else if(tree->lower_than(nodo->key, padre->key)){
                                ^~
treemap.c:70:44: error: ‘TreeNode {aka struct TreeNode}’ has no member named ‘key’
   else if(tree->lower_than(nodo->key, padre->key)){
                                            ^~
treemap.c:79:3: error: expected ‘;’ before ‘}’ token
   }
   ^
Compilation failed
98e15f2
Sun Apr 24 22:00:37 UTC 2022: 
 treemap.c | 3 ++-
 1 file changed, 2 insertions(+), 1 deletion(-)
In file included from test.c:4:0:
treemap.c: In function ‘insertTreeMap’:
treemap.c:60:32: error: ‘TreeNode {aka struct TreeNode}’ has no member named ‘key’
     if(tree->lower_than(key,aux->key)){
                                ^~
treemap.c:62:36: error: ‘TreeNode {aka struct TreeNode}’ has no member named ‘key’
       }else if(tree->lower_than(aux->key,key)){
                                    ^~
treemap.c:71:32: error: ‘TreeNode {aka struct TreeNode}’ has no member named ‘key’
   else if(tree->lower_than(nodo->key, padre->key)){
                                ^~
treemap.c:71:44: error: ‘TreeNode {aka struct TreeNode}’ has no member named ‘key’
   else if(tree->lower_than(nodo->key, padre->key)){
                                            ^~
treemap.c:80:3: error: expected ‘;’ before ‘}’ token
   }
   ^
Compilation failed
0737224
Sun Apr 24 22:03:03 UTC 2022: 
 treemap.c | 6 +++---
 1 file changed, 3 insertions(+), 3 deletions(-)
In file included from test.c:4:0:
treemap.c: In function ‘insertTreeMap’:
treemap.c:80:3: error: expected ‘;’ before ‘}’ token
   }
   ^
Compilation failed
030d2a4
Sun Apr 24 22:03:16 UTC 2022: 
 treemap.c | 2 +-
 1 file changed, 1 insertion(+), 1 deletion(-)
 tests:  14|5
total_score: 15/70
b7ff565
Sun Apr 24 22:04:37 UTC 2022: 
 treemap.c | 2 +-
 1 file changed, 1 insertion(+), 1 deletion(-)
 tests:  15|4
total_score: 25/70
f29369f
Sun Apr 24 23:52:27 UTC 2022: 
 treemap.c | 17 +++++++++++++++++
 1 file changed, 17 insertions(+)
In file included from test.c:4:0:
treemap.c: In function ‘removeNode’:
treemap.c:106:5: error: this ‘if’ clause does not guard... [-Werror=misleading-indentation]
     if(node->right)
     ^~
treemap.c:108:7: note: ...this statement, but the latter is misleadingly indented as if it were guarded by the ‘if’
       free(node);
       ^~~~
cc1: all warnings being treated as errors
Compilation failed
51b1fcf
Sun Apr 24 23:55:16 UTC 2022: 
 treemap.c | 1 +
 1 file changed, 1 insertion(+)
In file included from test.c:4:0:
treemap.c: In function ‘removeNode’:
treemap.c:106:5: error: this ‘if’ clause does not guard... [-Werror=misleading-indentation]
     if(node->right)
     ^~
treemap.c:108:7: note: ...this statement, but the latter is misleadingly indented as if it were guarded by the ‘if’
       free(node);
       ^~~~
treemap.c:112:26: error: passing argument 1 of ‘minimum’ from incompatible pointer type [-Werror=incompatible-pointer-types]
       removeNode(minimum(tree, node->right));
                          ^~~~
treemap.c:84:12: note: expected ‘TreeNode * {aka struct TreeNode *}’ but argument is of type ‘TreeMap * {aka struct TreeMap *}’
 TreeNode * minimum(TreeNode * x){
            ^~~~~~~
treemap.c:112:18: error: too many arguments to function ‘minimum’
       removeNode(minimum(tree, node->right));
                  ^~~~~~~
treemap.c:84:12: note: declared here
 TreeNode * minimum(TreeNode * x){
            ^~~~~~~
treemap.c:112:18: error: passing argument 1 of ‘removeNode’ from incompatible pointer type [-Werror=incompatible-pointer-types]
       removeNode(minimum(tree, node->right));
                  ^~~~~~~
treemap.c:95:6: note: expected ‘TreeMap * {aka struct TreeMap *}’ but argument is of type ‘TreeNode * {aka struct TreeNode *}’
 void removeNode(TreeMap * tree, TreeNode* node) {
      ^~~~~~~~~~
treemap.c:112:7: error: too few arguments to function ‘removeNode’
       removeNode(minimum(tree, node->right));
       ^~~~~~~~~~
treemap.c:95:6: note: declared here
 void removeNode(TreeMap * tree, TreeNode* node) {
      ^~~~~~~~~~
cc1: all warnings being treated as errors
Compilation failed
d39c30f
Sun Apr 24 23:56:09 UTC 2022: 
 treemap.c | 2 +-
 1 file changed, 1 insertion(+), 1 deletion(-)
In file included from test.c:4:0:
treemap.c: In function ‘removeNode’:
treemap.c:106:5: error: this ‘if’ clause does not guard... [-Werror=misleading-indentation]
     if(node->right)
     ^~
treemap.c:108:7: note: ...this statement, but the latter is misleadingly indented as if it were guarded by the ‘if’
       free(node);
       ^~~~
cc1: all warnings being treated as errors
Compilation failed
e6b1209
